[0]
[0, 0, 0, 24, 0, 17, 34, 8, 9, 14, 5, 24, 1, 0, 1, 24, 1, 1, 0, 4, 0, 1, 0, 19, 20, 33, 21, 25, 1, 1, 1, 8, 1]
[22]
[0]
[0, 0, 0, 0, 0, 17, 34, 16, 10, 4, 1, 3]
[3, 3, 22, 3, 0, 6, 1, 35, 36, 8, 9, 35, 5, 24, 1, 0, 1, 24, 35, 1, 0, 4, 0, 1, 0, 19, 3, 33, 21, 25, 1, 1, 1, 1, 1]
[0, 0, 0, 0, 0, 17, 34, 16, 10, 4, 1, 3]
[3, 3, 22, 3, 0, 6, 1, 35, 36, 8, 9, 35, 5, 24, 1, 0, 1, 24, 35, 1, 0, 4, 0, 1, 0, 19, 3, 33, 21, 25, 1, 1, 1, 1, 1]
[0, 0, 0, 0, 0, 17, 34, 16, 23, 4]
[3]
[3, 3, 3, 3, 0, 0, 1, 35, 36, 8, 9, 14, 5, 24, 1, 0, 1, 24, 1, 1, 0, 4, 0, 1, 0, 19, 20, 33, 21, 25, 1, 1, 1, 1, 1]
[0, 0, 0, 0, 0, 17, 34, 16, 23, 26]
[3]
[3, 3, 3, 3, 0, 0, 1, 35, 36, 8, 9, 14, 5, 24, 1, 0, 1, 24, 1, 1, 0, 4, 0, 1, 0, 19, 20, 33, 21, 0, 0, 0, 0, 0, 17, 34, 16, 23, 4]
[3]
[3, 3, 3, 3, 0, 0, 1, 35, 36, 8, 9, 14, 5, 24, 1, 0, 1, 24, 1, 1, 0, 4, 0, 1, 0, 19, 20, 33, 21, 25, 0, 1, 1, 1, 1]
[0]
[0, 0, 0, 24, 0, 17, 34, 16, 23, 4]
[3]
[3, 3, 3, 3, 0, 0, 1, 35, 36, 8, 9, 14, 5, 24, 1, 0, 1, 24, 1, 1, 0, 4, 0, 1, 0, 19, 20, 33, 21, 25, 1, 1, 1, 8, 1]
[0]
[0, 0, 0, 0, 0, 17, 34, 16, 23, 4]
[3]
[3, 3, 3, 3, 0, 0, 1, 35, 36, 8, 9, 14, 5, 24, 1, 0, 1, 24, 1, 1, 0, 4, 0, 1, 0, 19, 20, 19, 21, 25, 1, 1, 1, 1, 1]
[0]
[0, 0, 0, 0, 0, 17, 34, 16, 23, 4]
[3]
[3, 3, 3, 3, 0, 0, 1, 35, 36, 8, 9, 35, 5, 24, 1, 0, 1, 24, 1, 1, 0, 4, 0, 1, 0, 19, 3, 33, 21, 25, 1, 1, 1, 1, 1]
[0, 0, 0, 0, 0, 17, 34, 16, 23, 4]
[3]
[3, 3, 3]
[0, 0, 0, 0, 0, 17, 34, 16, 23, 4]
[3]
[3, 3, 3, 3, 0, 0, 1, 35, 36, 8, 9, 14, 5, 24, 1, 0, 1, 24, 1, 1, 0, 4, 0, 0, 0, 19, 20, 33, 21, 25, 1, 1, 1, 1, 1]
[0, 0, 0, 0, 0, 17, 34, 16, 23, 4]
[3]
[3, 3, 3, 3, 0, 0, 1, 35, 36, 8, 9, 14, 5, 24, 1, 0, 1, 24, 1, 1, 0, 4, 0, 1, 0, 19, 20, 33, 21, 25, 1, 1, 1, 1, 1]
[0, 0, 0, 0, 0, 17, 34, 16, 23, 4]
[3]
[3, 3, 3, 3, 0, 0, 1, 35, 36, 8, 9, 14, 5, 24, 1, 0, 1, 24, 1, 1, 0, 4, 0, 1, 0, 19, 20, 33, 21, 25, 1, 1, 1, 1, 1]
[0]
[0]
[0, 0, 0, 0, 0, 17, 34, 16, 23, 4]
[3]
[3, 3, 3, 3, 0, 6, 1, 35, 36, 8, 9, 35, 5, 24, 1, 0, 1, 24, 1, 1, 0, 4, 0, 1, 0, 19, 3, 33, 21, 25, 1, 1, 1, 1, 1]
[0, 0, 0, 0, 0, 17, 34, 16, 23, 4]
[3]
[3, 3, 3, 3, 0, 0, 1, 35, 36, 8, 9, 14, 5, 24, 1, 0, 1, 24, 1, 1, 0, 4, 0, 1, 0, 19, 20, 33, 21, 25, 1, 1, 1, 1, 1]
[0, 0, 0, 0, 0, 17, 34, 16, 23, 4]
[3]
[3, 3, 3, 3, 0, 0, 1, 35, 36, 8, 9, 14, 5, 24, 1, 0, 1, 24, 1, 1, 0, 4, 0, 1, 0, 19, 20, 33, 21, 25, 1, 1, 1, 1, 1]
[0]
[0]
[0, 0, 0, 0, 0, 17, 34, 16, 23, 4]
[3]
[3, 3, 3, 3, 0, 0, 1, 35, 36, 8, 9, 14, 5, 24, 1, 0, 1, 24, 1, 1, 0, 4, 0, 1, 0, 19, 20, 33, 21, 25, 1, 1, 1, 1, 1]
[0, 0, 0, 0, 0, 17, 34, 16, 23, 4]
[3]
[3, 3, 3, 3, 0, 0, 1, 35, 36, 8, 9, 14, 5, 24, 1, 0, 1, 24, 1, 1, 0, 4, 0, 1, 0, 19, 20, 33, 21, 25, 1, 1, 1, 1, 1]
[0, 0, 0, 0, 0, 17, 34, 16, 23, 4]
[3]
[3, 3, 3, 3, 0, 0, 1, 35, 36, 8, 9, 14, 5, 24, 1, 0, 1, 24, 1, 1, 0, 4, 0, 1, 0, 19, 20, 33, 21, 25, 1, 1, 1, 1, 1]
[0]
[0]
[0, 0, 0, 0, 0, 17, 34, 16, 10, 4]
[3]
[3, 3, 3, 3, 0, 6, 1, 35, 36, 8, 9, 35, 5, 24, 1, 0, 1, 24, 35, 1, 0, 4, 0, 1, 0, 19, 3, 33, 21, 25, 1, 1, 1, 1, 1]
[0, 0, 0, 0, 0, 17, 34, 16, 23, 4]
[3]
[3, 3, 3, 3, 0, 0, 1, 35, 36, 8, 9, 14, 12, 24, 1, 0, 1, 24, 1, 1, 0, 4, 0, 1, 0, 19, 20, 33, 21, 25, 1, 1, 1, 1, 1]
[0, 0, 0, 0, 0, 17, 34, 16, 10, 4, 1, 3]
[3, 3, 22, 3, 0, 6, 1, 35, 36, 8, 9, 35, 5, 24, 1, 0, 1, 24, 35, 1, 0, 4, 0, 1, 0, 19, 3, 33, 21, 25, 1, 1, 1, 1, 1]
[0]
[0, 0, 0, 0, 0, 17, 34, 16, 23, 4]
[3]
[3, 3, 3, 3, 0, 0, 1, 35, 36, 8, 9, 14, 5, 24, 1, 0, 1, 24, 1, 1, 0, 4, 0, 1, 0, 19, 20, 19, 21, 25, 1, 1, 1, 1, 1]
[0, 0, 0, 0, 0, 17, 34, 16, 23, 4]
[3]
[3, 3, 3, 3, 0, 0, 1, 35, 36, 8, 9, 14, 5, 24, 1, 0, 1, 24, 1, 1, 0, 4, 0, 1, 0, 19, 20, 33, 21, 25, 1, 1, 1, 1, 1]
[0]
[0, 0, 0, 0, 19, 17, 34, 16, 23, 4]
[3]
[3, 3, 3, 3, 0, 0, 35, 35, 36, 8, 9, 14, 5, 24, 1, 0, 1, 24, 1, 1, 0, 4, 0, 1, 0, 19, 20, 33, 21, 25, 1, 1, 1, 1, 1]
[0]
[30, 0, 0, 0, 0, 17, 5, 16, 23, 4]
[3]
[3, 3, 3, 3, 0, 0, 1, 35, 36, 8, 9, 14, 5, 24, 1, 0, 1, 24, 1, 1, 0, 4, 0, 1, 0, 19, 20, 33, 21, 25, 1, 1, 1, 1, 1]
[0, 0, 0, 0, 0, 17, 34, 16, 23, 4]
[3]
[3, 3, 3, 3, 0, 0, 1, 35, 36, 8, 9, 14, 5, 24, 1, 24, 1, 24, 1, 1, 12, 4, 0, 1, 0, 19, 20, 33, 21, 25, 1, 1]
[1, 1]
[0]
[0, 0, 0, 0, 0, 17, 34, 16, 23, 4]
[3]
[3, 3, 3, 3, 0, 0, 1, 35, 36, 8, 9, 14, 5, 24, 1, 0, 1, 24, 1, 1, 0, 4, 0, 1, 0, 19, 20, 33, 21, 25, 1, 1, 1, 1, 1]
[0, 0, 0, 0, 0, 17, 34, 16, 23, 4]
[3]
[3, 3, 3, 3, 0, 0, 1, 35, 36, 8, 9, 14, 5, 24, 1, 0, 1, 24, 1, 1, 0, 4, 0, 1, 0, 19, 20, 33, 21, 25, 1, 1, 1, 1, 1]
[0, 0, 0, 0, 0, 17, 34, 16, 23, 4]
[3]
[3, 3, 3, 3, 0, 0, 1, 35, 36, 8, 9, 14, 5, 24, 1, 0, 1, 24, 1, 1, 0, 4, 0, 1, 0, 19, 20, 33, 21, 25, 1, 1, 1, 1, 1]
[0, 0, 0, 24, 0, 17, 34, 16, 23, 4]
[3]
[3, 3, 3, 3, 0, 0, 1, 35, 36, 8, 9, 14, 5, 24, 1, 0, 1, 24, 1, 1, 0, 4, 0, 1, 0, 19, 20, 33, 21, 25, 1, 1, 1, 8, 1, 8, 15]
[33]
[13]
[0]
[0, 0, 0, 0, 0, 17, 34, 16, 23, 4]
[3]
[3, 3, 3, 3, 0, 0, 1, 35, 36, 8, 9, 14, 5, 24, 1, 0, 1, 24, 1, 1, 0, 4, 0, 1, 0, 19, 20, 33, 21, 25, 1, 1, 1, 1, 1]
[0, 0, 0, 0, 0, 17, 34, 16, 23, 4]
[3]
[3, 3, 3, 3, 0, 0, 1, 35, 36, 8, 9, 14, 5, 24, 1, 0, 1, 24, 1, 1, 0, 4, 0, 1, 0, 19, 20, 33, 21, 25, 1, 1, 1, 1, 1]
[0, 0, 0, 0, 0, 17, 34, 16, 23, 4]
[3]
[3, 3, 3, 3, 0, 0, 1, 35, 36, 8, 9, 14, 5, 24, 1, 0, 1, 24, 1, 1, 0, 4, 0, 1, 0, 19, 20, 33, 21, 25, 1, 1, 1, 1, 1]
[0]
[0, 0, 0, 0, 0, 17, 34, 16, 23, 4]
[3]
[3, 3, 3, 3, 0, 0, 1, 35, 36, 8, 9, 14, 5, 24, 1, 0, 1, 24, 1, 1, 0, 4, 0, 1, 0, 19, 3, 33, 21, 25, 1, 1, 1, 1, 1]
[0, 0, 0, 0, 0, 17]
[0, 0, 0, 0, 0, 17, 34, 16, 23, 4]
[3]
[3, 3, 3, 3, 0, 0, 1, 35, 36, 8, 9, 14, 5, 24, 1, 0, 1, 24, 1, 1, 0, 1, 0, 1, 0, 19, 20, 33, 21, 25, 1, 1, 0, 1, 1]
[0, 0, 0, 0, 0, 17, 34, 16, 23, 4]
[3]
[3, 3, 3, 3, 0, 0, 1, 35, 36, 8, 9, 14, 5, 24, 1, 0, 1, 24, 1, 1, 0, 4, 0, 1, 0, 19, 20, 33, 21, 25, 1, 1, 1, 1, 1]
[0, 0, 0, 0, 0, 17, 34, 16, 23, 4]
[3]
[3, 3, 3, 3, 0, 0, 1, 35, 36, 8, 9, 14, 5, 24, 1, 0, 1, 24, 1, 1, 0, 4, 0, 1, 0, 19, 20, 33, 21, 25, 1, 1, 1]
[0, 0, 0, 0, 0, 17, 34, 16, 23, 4]
[3]
[3, 3, 3, 3, 0, 0, 1, 35, 36, 8, 9, 14, 5, 24, 1, 0, 1, 24, 1, 1, 0, 4, 0, 1, 0, 19, 20, 33, 21, 25, 0, 1, 1, 1, 1]
[0, 0, 0, 0, 0, 17, 34, 16, 23, 4]
[3]
[3, 3, 3, 3, 0, 0, 1, 35, 36, 8, 9, 14, 5, 24, 1, 0, 1, 24, 1, 1, 0, 4, 0, 1, 0, 19, 20, 33, 21, 25, 1, 1, 1, 1, 1]
[0, 0, 0, 0, 0, 17, 34, 16, 23, 4]
[3]
[3, 3, 3, 3, 0, 0, 1, 35, 36, 8, 9, 14, 5, 24, 1, 0, 1, 24, 1, 1, 0, 4, 0, 1, 0, 19, 20, 33, 21, 25, 1, 1, 1, 1, 1]
[0, 0, 0, 0, 0, 17, 34, 16, 23, 4]
[3]
[3, 3, 3, 3, 0, 0, 1, 35, 36, 8, 9, 14, 5, 24, 1, 0, 1, 24, 1, 1, 0, 4, 0, 1, 0, 19, 20, 33, 21, 25, 1, 1, 1, 1, 1]
[0, 0, 0, 0, 0, 17, 34, 16, 23, 4]
[3]
[3, 3, 3, 3, 0, 0, 1, 35, 36, 8, 9, 14, 5, 24, 1, 0, 1, 24, 1, 1, 0, 4, 0, 1, 0, 19, 20, 33, 21, 25, 1, 1, 1, 1, 1]
[0, 0, 0, 0, 0, 17, 34, 16, 23, 4]
[3]
[3, 3, 3, 3, 0, 0, 1, 35, 36, 8, 12, 14, 5, 24, 1, 0, 1, 24, 1, 1, 0, 4, 0, 1, 0, 19, 20, 33, 21, 25, 1, 1, 1, 1, 1]
[0]
[0, 0, 0, 0, 0, 17, 34, 16, 23, 4]
[3]
[3, 3, 3, 3, 0, 0, 1, 35, 36, 8, 9, 35, 5, 24, 1, 0, 1, 24, 1, 1, 0, 4, 0, 1, 0, 19, 3, 33, 21, 25, 1, 1, 1, 1, 1]
[0, 0, 0, 0, 0, 17, 34, 16, 23, 4]
[3]
[3, 3, 3, 3, 0, 0, 1, 35, 36, 8, 9, 14, 5, 24, 1, 0, 1, 24, 1, 1, 0, 4, 0, 1, 0, 19, 20, 33, 21, 25, 1, 1, 1, 1, 1]
[0, 0, 0, 0, 0, 17, 34, 16, 23, 4]
[3]
[3, 3, 3, 3, 0, 0, 1, 35, 36, 8, 9, 14, 5, 24, 1, 0, 1, 5, 1, 1, 0, 4, 0, 1, 0, 19, 20, 33, 21, 25, 1, 1, 1, 1, 1]
[0, 0, 0, 0, 0, 17, 34, 16, 23, 4]
[3]
[33, 3, 3, 3, 0, 0, 1, 35, 36, 8, 9, 14, 5, 24, 1, 0, 1, 24, 1, 1, 0, 4, 0, 1, 0, 19, 20, 33, 21, 25, 1, 1, 1, 1, 1]
[0, 0, 0, 0, 0, 17, 34, 16, 23, 4]
[3]
[3, 3, 3, 3, 0, 0, 1, 35, 36, 8, 9, 14, 5, 24, 1, 0, 1, 24, 1, 1, 0, 4, 0, 1, 0, 19, 20, 33, 21, 25, 1, 1, 1, 1, 1]
[0]
[0]
[0]
[0, 0, 0, 0, 0, 17, 34, 16, 23, 4]
[3]
[3, 3, 3, 3, 0, 0, 1, 35, 36, 8, 9, 14, 5, 24, 1, 0, 1, 24, 1, 1, 0, 4, 0, 1, 0, 19, 20, 33, 21, 25, 1, 1, 1, 1, 1]
[0]
[0]
[0]
